<?xml version="1.0" encoding="UTF-8"?>
<!-- Generated by org.testng.reporters.JUnitXMLReporter -->
<testsuite ignored="1" hostname="DESKTOP-BPHTNCM" failures="0" tests="4" name="Default test" time="16.203" errors="0" timestamp="2024-09-19T10:42:11 BDT">
  <testcase classname="Assignment.AutomationTask.registration" name="invalidRegistration" time="2.261"/>
  <testcase classname="Assignment.AutomationTask.registration" name="invalidRegistration" time="2.26"/>
  <testcase classname="Assignment.AutomationTask.registration" name="invalidRegistration" time="2.268"/>
  <testcase classname="Assignment.AutomationTask.registration" name="invalidRegistration" time="2.296"/>
  <testcase classname="Assignment.AutomationTask.registration" name="validRegistration" time="0.0">
    <ignored/>
  </testcase> <!-- validRegistration -->
</testsuite> <!-- Default test -->
