<?xml version="1.0" encoding="UTF-8"?>
<!-- Generated by org.testng.reporters.JUnitXMLReporter -->
<testsuite ignored="0" hostname="DESKTOP-BPHTNCM" failures="1" tests="5" name="Registration Test" time="18.088" errors="0" timestamp="2024-09-19T08:16:07 BDT">
  <testcase classname="Assignment.AutomationTask.registration" name="invalidRegistration" time="2.269"/>
  <testcase classname="Assignment.AutomationTask.registration" name="invalidRegistration" time="2.261"/>
  <testcase classname="Assignment.AutomationTask.registration" name="invalidRegistration" time="2.293"/>
  <testcase classname="Assignment.AutomationTask.registration" name="invalidRegistration" time="2.344"/>
  <testcase classname="Assignment.AutomationTask.registration" name="validRegistration" time="2.292">
    <failure type="java.lang.AssertionError" message="URL didn&amp;apos;t match after login expected [https://letcode.in/] but found [https://letcode.in/signup]">
      <![CDATA[java.lang.AssertionError: URL didn't match after login expected [https://letcode.in/] but found [https://letcode.in/signup]
at Assignment.AutomationTask.registration.validRegistration(registration.java:46)
at java.base/java.util.ArrayList.forEach(ArrayList.java:1596)
... Removed 30 stack frames]]>
    </failure>
  </testcase> <!-- validRegistration -->
</testsuite> <!-- Registration Test -->
