<?xml version="1.0" encoding="UTF-8"?>
<!-- Generated by org.testng.reporters.JUnitXMLReporter -->
<testsuite ignored="0" hostname="DESKTOP-BPHTNCM" failures="1" tests="5" name="Registration Test" time="18.342" errors="0" timestamp="2024-10-16T09:14:12 BDT">
  <testcase classname="Assignment.AutomationTask.registration" name="invalidRegistration" time="2.268"/>
  <testcase classname="Assignment.AutomationTask.registration" name="invalidRegistration" time="2.265"/>
  <testcase classname="Assignment.AutomationTask.registration" name="invalidRegistration" time="2.273"/>
  <testcase classname="Assignment.AutomationTask.registration" name="invalidRegistration" time="2.242"/>
  <testcase classname="Assignment.AutomationTask.registration" name="validRegistration" time="2.288">
    <failure type="java.lang.AssertionError" message="URL didn&amp;apos;t match after signup expected [https://letcode.in/] but found [https://letcode.in/signup]">
      <![CDATA[java.lang.AssertionError: URL didn't match after signup expected [https://letcode.in/] but found [https://letcode.in/signup]
at Assignment.AutomationTask.registration.validRegistration(registration.java:47)
at java.base/java.util.ArrayList.forEach(ArrayList.java:1596)
... Removed 30 stack frames]]>
    </failure>
  </testcase> <!-- validRegistration -->
</testsuite> <!-- Registration Test -->
